<?xml version="1.0" encoding="UTF-8"?>
<!-- Generated by org.testng.reporters.JUnitXMLReporter -->
<testsuite hostname="DESKTOP-2SCAOE5" ignored="24" name="NoBroker App Test Cases for iPhone" tests="33" failures="0" timestamp="2020-08-17T20:22:40 GMT+05:30" time="52.635" errors="0">
  <testcase name="@BeforeTest setUp" time="29.591" classname="com.NoBroker.testPages.NotificationsPageTest">
    <failure type="java.lang.IllegalArgumentException" message="Can not set io.appium.java_client.MobileElement field com.NoBroker.pages.NotificationsPage.selectChatButton to org.openqa.selenium.remote.RemoteWebElement$$EnhancerByCGLIB$$d27c0df4">
      <![CDATA[java.lang.IllegalArgumentException: Can not set io.appium.java_client.MobileElement field com.NoBroker.pages.NotificationsPage.selectChatButton to org.openqa.selenium.remote.RemoteWebElement$$EnhancerByCGLIB$$d27c0df4
at org.openqa.selenium.support.PageFactory.proxyFields(PageFactory.java:117)
at org.openqa.selenium.support.PageFactory.initElements(PageFactory.java:105)
at com.NoBroker.pages.NotificationsPage.<init>(NotificationsPage.java:13)
at com.NoBroker.testPages.NotificationsPageTest.setUp(NotificationsPageTest.java:29)
... Removed 28 stack frames]]>
    </failure>
  </testcase> <!-- @BeforeTest setUp -->
  <testcase name="@BeforeTest setUp" time="-1.597675958958E9" classname="com.NoBroker.testPages.PayRentPageTest">
    <skipped/>
  </testcase> <!-- @BeforeTest setUp -->
  <testcase name="@BeforeTest setUp" time="-1.597675958963E9" classname="com.NoBroker.testPages.ClickAndEarnPageTest">
    <skipped/>
  </testcase> <!-- @BeforeTest setUp -->
  <testcase name="@BeforeTest setUp" time="-1.597675958967E9" classname="com.NoBroker.testPages.PropertyAdPageTest">
    <skipped/>
  </testcase> <!-- @BeforeTest setUp -->
  <testcase name="@BeforeTest setUp" time="-1.597675958969E9" classname="com.NoBroker.testPages.SignUpPageTest">
    <skipped/>
  </testcase> <!-- @BeforeTest setUp -->
  <testcase name="@BeforeTest setUp" time="-1.597675958977E9" classname="com.NoBroker.testPages.BuyPropertyPageTest">
    <skipped/>
  </testcase> <!-- @BeforeTest setUp -->
  <testcase name="setUp" time="0.0" classname="com.NoBroker.testPages.HomePageTest">
    <skipped/>
  </testcase> <!-- setUp -->
  <testcase name="verifyNoBrokerLogoDisplayed" time="0.0" classname="com.NoBroker.testPages.HomePageTest">
    <skipped/>
  </testcase> <!-- verifyNoBrokerLogoDisplayed -->
  <testcase name="verifyPackersNMoversfetureDisplayed" time="0.0" classname="com.NoBroker.testPages.HomePageTest">
    <skipped/>
  </testcase> <!-- verifyPackersNMoversfetureDisplayed -->
  <testcase name="verifyPayRentFetureDisplayed" time="0.0" classname="com.NoBroker.testPages.HomePageTest">
    <skipped/>
  </testcase> <!-- verifyPayRentFetureDisplayed -->
  <testcase name="verifyClickNEarnFetureDisplyed" time="0.0" classname="com.NoBroker.testPages.HomePageTest">
    <skipped/>
  </testcase> <!-- verifyClickNEarnFetureDisplyed -->
  <testcase name="verifyListOfCityDropdown" time="0.0" classname="com.NoBroker.testPages.BuyPropertyPageTest">
    <skipped/>
  </testcase> <!-- verifyListOfCityDropdown -->
  <testcase name="verifySearchLocality" time="0.0" classname="com.NoBroker.testPages.BuyPropertyPageTest">
    <skipped/>
  </testcase> <!-- verifySearchLocality -->
  <testcase name="verifyIncludeNearByPropertiesCheckbox" time="0.0" classname="com.NoBroker.testPages.BuyPropertyPageTest">
    <skipped/>
  </testcase> <!-- verifyIncludeNearByPropertiesCheckbox -->
  <testcase name="verifyNoOfBedrooms" time="0.0" classname="com.NoBroker.testPages.BuyPropertyPageTest">
    <skipped/>
  </testcase> <!-- verifyNoOfBedrooms -->
  <testcase name="verifyPriceRange" time="0.0" classname="com.NoBroker.testPages.BuyPropertyPageTest">
    <skipped/>
  </testcase> <!-- verifyPriceRange -->
  <testcase name="verifypropertyStatus" time="0.0" classname="com.NoBroker.testPages.BuyPropertyPageTest">
    <skipped/>
  </testcase> <!-- verifypropertyStatus -->
  <testcase name="verifyPropertiesDescriptionDispaly" time="0.0" classname="com.NoBroker.testPages.BuyPropertyPageTest">
    <skipped/>
  </testcase> <!-- verifyPropertiesDescriptionDispaly -->
  <testcase name="verifySheduleVisit" time="0.0" classname="com.NoBroker.testPages.BuyPropertyPageTest">
    <skipped/>
  </testcase> <!-- verifySheduleVisit -->
  <testcase name="verifyAvailableTimeSlot" time="0.0" classname="com.NoBroker.testPages.BuyPropertyPageTest">
    <skipped/>
  </testcase> <!-- verifyAvailableTimeSlot -->
  <testcase name="verifyCloseVisitPage" time="0.0" classname="com.NoBroker.testPages.BuyPropertyPageTest">
    <skipped/>
  </testcase> <!-- verifyCloseVisitPage -->
  <testcase name="verifyShortlistProperty" time="0.0" classname="com.NoBroker.testPages.BuyPropertyPageTest">
    <skipped/>
  </testcase> <!-- verifyShortlistProperty -->
  <testcase name="verifyClosePropertyPage" time="0.0" classname="com.NoBroker.testPages.BuyPropertyPageTest">
    <skipped/>
  </testcase> <!-- verifyClosePropertyPage -->
  <testcase name="verifySignUpTitle" time="0.0" classname="com.NoBroker.testPages.SignUpPageTest">
    <skipped/>
  </testcase> <!-- verifySignUpTitle -->
  <testcase name="ensureErrorPopUpMessageOnNullTextBox" time="0.0" classname="com.NoBroker.testPages.SignUpPageTest">
    <skipped/>
  </testcase> <!-- ensureErrorPopUpMessageOnNullTextBox -->
  <testcase name="verifySignUpWithInvalidValue" time="0.0" classname="com.NoBroker.testPages.SignUpPageTest">
    <skipped/>
  </testcase> <!-- verifySignUpWithInvalidValue -->
  <testcase name="verifySignUpWithValidValue" time="0.0" classname="com.NoBroker.testPages.SignUpPageTest">
    <skipped/>
  </testcase> <!-- verifySignUpWithValidValue -->
  <testcase name="verifyUserNameAndEmail" time="0.0" classname="com.NoBroker.testPages.SignUpPageTest">
    <skipped/>
  </testcase> <!-- verifyUserNameAndEmail -->
  <testcase name="checkPostFreePropertyAdTitle" time="0.0" classname="com.NoBroker.testPages.PropertyAdPageTest">
    <skipped/>
  </testcase> <!-- checkPostFreePropertyAdTitle -->
  <testcase name="verifyEditPropertyAd" time="0.0" classname="com.NoBroker.testPages.PropertyAdPageTest">
    <skipped/>
  </testcase> <!-- verifyEditPropertyAd -->
  <testcase name="verifyEnablePropertyForLeaseToNo" time="0.0" classname="com.NoBroker.testPages.PropertyAdPageTest">
    <skipped/>
  </testcase> <!-- verifyEnablePropertyForLeaseToNo -->
  <testcase name="checkUploadPhoto" time="0.0" classname="com.NoBroker.testPages.PropertyAdPageTest">
    <skipped/>
  </testcase> <!-- checkUploadPhoto -->
  <testcase name="verifyExitPostingAlert" time="0.0" classname="com.NoBroker.testPages.PropertyAdPageTest">
    <skipped/>
  </testcase> <!-- verifyExitPostingAlert -->
  <testcase name="verifyFinishPostingButtonDisplayed" time="0.0" classname="com.NoBroker.testPages.PropertyAdPageTest">
    <skipped/>
  </testcase> <!-- verifyFinishPostingButtonDisplayed -->
  <testcase name="verifyClickAndEarnPageTitle" time="0.0" classname="com.NoBroker.testPages.ClickAndEarnPageTest">
    <skipped/>
  </testcase> <!-- verifyClickAndEarnPageTitle -->
  <testcase name="VerifyPayRentPageDisplayed" time="0.0" classname="com.NoBroker.testPages.PayRentPageTest">
    <skipped/>
  </testcase> <!-- VerifyPayRentPageDisplayed -->
  <testcase name="verifyNotificationsPage" time="0.0" classname="com.NoBroker.testPages.NotificationsPageTest">
    <skipped/>
  </testcase> <!-- verifyNotificationsPage -->
  <testcase name="verifyInboxDisplayed" time="0.0" classname="com.NoBroker.testPages.NotificationsPageTest">
    <skipped/>
  </testcase> <!-- verifyInboxDisplayed -->
  <testcase name="verifyUserTitle" time="0.0" classname="com.NoBroker.testPages.NotificationsPageTest">
    <skipped/>
  </testcase> <!-- verifyUserTitle -->
  <testcase name="@BeforeSuite Setup" time="0.0" classname="com.NoBroker.pages.BasePage">
    <ignored/>
  </testcase> <!-- @BeforeSuite Setup -->
  <testcase name="@BeforeSuite Setup" time="0.0" classname="com.NoBroker.pages.BasePage">
    <ignored/>
  </testcase> <!-- @BeforeSuite Setup -->
  <testcase name="@BeforeSuite Setup" time="0.0" classname="com.NoBroker.pages.BasePage">
    <ignored/>
  </testcase> <!-- @BeforeSuite Setup -->
  <testcase name="@BeforeSuite Setup" time="0.0" classname="com.NoBroker.pages.BasePage">
    <ignored/>
  </testcase> <!-- @BeforeSuite Setup -->
  <testcase name="@BeforeSuite Setup" time="0.0" classname="com.NoBroker.pages.BasePage">
    <ignored/>
  </testcase> <!-- @BeforeSuite Setup -->
  <testcase name="@BeforeSuite Setup" time="0.0" classname="com.NoBroker.pages.BasePage">
    <ignored/>
  </testcase> <!-- @BeforeSuite Setup -->
  <testcase name="@BeforeTest testDataSetup" time="0.0" classname="com.NoBroker.pages.BasePage">
    <ignored/>
  </testcase> <!-- @BeforeTest testDataSetup -->
  <testcase name="@BeforeTest testDataSetup" time="0.0" classname="com.NoBroker.pages.BasePage">
    <ignored/>
  </testcase> <!-- @BeforeTest testDataSetup -->
  <testcase name="@BeforeTest testDataSetup" time="0.0" classname="com.NoBroker.pages.BasePage">
    <ignored/>
  </testcase> <!-- @BeforeTest testDataSetup -->
  <testcase name="@BeforeTest testDataSetup" time="0.0" classname="com.NoBroker.pages.BasePage">
    <ignored/>
  </testcase> <!-- @BeforeTest testDataSetup -->
  <testcase name="@BeforeTest testDataSetup" time="0.0" classname="com.NoBroker.pages.BasePage">
    <ignored/>
  </testcase> <!-- @BeforeTest testDataSetup -->
  <testcase name="@BeforeTest testDataSetup" time="0.0" classname="com.NoBroker.pages.BasePage">
    <ignored/>
  </testcase> <!-- @BeforeTest testDataSetup -->
  <testcase name="@AfterSuite endReport" time="0.0" classname="com.NoBroker.pages.BasePage">
    <ignored/>
  </testcase> <!-- @AfterSuite endReport -->
  <testcase name="@AfterSuite endReport" time="0.0" classname="com.NoBroker.pages.BasePage">
    <ignored/>
  </testcase> <!-- @AfterSuite endReport -->
  <testcase name="@AfterSuite endReport" time="0.0" classname="com.NoBroker.pages.BasePage">
    <ignored/>
  </testcase> <!-- @AfterSuite endReport -->
  <testcase name="@AfterSuite endReport" time="0.0" classname="com.NoBroker.pages.BasePage">
    <ignored/>
  </testcase> <!-- @AfterSuite endReport -->
  <testcase name="@AfterSuite endReport" time="0.0" classname="com.NoBroker.pages.BasePage">
    <ignored/>
  </testcase> <!-- @AfterSuite endReport -->
  <testcase name="@AfterSuite endReport" time="0.0" classname="com.NoBroker.pages.BasePage">
    <ignored/>
  </testcase> <!-- @AfterSuite endReport -->
  <testcase name="@BeforeTest initializationNoBroker" time="0.0" classname="com.NoBroker.pages.BasePage">
    <ignored/>
  </testcase> <!-- @BeforeTest initializationNoBroker -->
  <testcase name="@BeforeTest initializationNoBroker" time="0.0" classname="com.NoBroker.pages.BasePage">
    <ignored/>
  </testcase> <!-- @BeforeTest initializationNoBroker -->
  <testcase name="@BeforeTest initializationNoBroker" time="0.0" classname="com.NoBroker.pages.BasePage">
    <ignored/>
  </testcase> <!-- @BeforeTest initializationNoBroker -->
  <testcase name="@BeforeTest initializationNoBroker" time="0.0" classname="com.NoBroker.pages.BasePage">
    <ignored/>
  </testcase> <!-- @BeforeTest initializationNoBroker -->
  <testcase name="@BeforeTest initializationNoBroker" time="0.0" classname="com.NoBroker.pages.BasePage">
    <ignored/>
  </testcase> <!-- @BeforeTest initializationNoBroker -->
  <testcase name="@BeforeTest initializationNoBroker" time="0.0" classname="com.NoBroker.pages.BasePage">
    <ignored/>
  </testcase> <!-- @BeforeTest initializationNoBroker -->
</testsuite> <!-- NoBroker App Test Cases for iPhone -->
